20231028 11:07:01 INFO  [main] script.BaseTest BaseTest.java82 - chrome browser launched
20231028 11:07:01 INFO  [main] script.BaseTest BaseTest.java94 - https://login.salesforce.com/is entered
20231028 11:07:01 INFO  [main] script.SalesForceScript SalesForceScript.java43 - ******Login to Sales Force App started***********
20231028 11:07:03 INFO  [main] script.BaseTest BaseTest.java66 - ******login_to_firebase automation script ended***********
20231028 11:10:18 INFO  [main] script.BaseTest BaseTest.java82 - chrome browser launched
20231028 11:10:19 INFO  [main] script.BaseTest BaseTest.java94 - https://login.salesforce.com/is entered
20231028 11:10:19 INFO  [main] script.SalesForceScript SalesForceScript.java43 - ******Login to Sales Force App started***********
20231028 11:10:22 INFO  [main] script.BaseTest BaseTest.java66 - ******login_to_firebase automation script ended***********
20231028 11:11:22 INFO  [main] script.BaseTest BaseTest.java82 - chrome browser launched
20231028 11:11:23 INFO  [main] script.BaseTest BaseTest.java94 - https://login.salesforce.com/is entered
20231028 11:11:23 INFO  [main] script.SalesForceScript SalesForceScript.java43 - ******Login to Sales Force App started***********
20231028 11:11:28 INFO  [main] script.BaseTest BaseTest.java66 - ******login_to_firebase automation script ended***********
20231028 11:12:53 INFO  [main] script.BaseTest BaseTest.java82 - chrome browser launched
20231028 11:12:53 INFO  [main] script.BaseTest BaseTest.java94 - https://login.salesforce.com/is entered
20231028 11:12:53 INFO  [main] script.SalesForceScript SalesForceScript.java43 - ******Login to Sales Force App started***********
20231028 11:12:58 INFO  [main] script.BaseTest BaseTest.java66 - ******login_to_firebase automation script ended***********
20231028 11:14:51 INFO  [main] script.BaseTest BaseTest.java82 - chrome browser launched
20231028 11:14:52 INFO  [main] script.BaseTest BaseTest.java94 - https://login.salesforce.com/is entered
20231028 11:14:52 INFO  [main] script.SalesForceScript SalesForceScript.java43 - ******Login to Sales Force App started***********
20231028 11:14:55 INFO  [main] script.BaseTest BaseTest.java66 - ******login_to_firebase automation script ended***********
20231028 11:15:50 INFO  [main] script.BaseTest BaseTest.java82 - chrome browser launched
20231028 11:15:51 INFO  [main] script.BaseTest BaseTest.java94 - https://login.salesforce.com/is entered
20231028 11:15:51 INFO  [main] script.SalesForceScript SalesForceScript.java43 - ******Login to Sales Force App started***********
20231028 11:15:55 INFO  [main] script.BaseTest BaseTest.java66 - ******login_to_firebase automation script ended***********
20231028 11:17:38 INFO  [main] script.BaseTest BaseTest.java82 - chrome browser launched
20231028 11:17:39 INFO  [main] script.BaseTest BaseTest.java94 - https://login.salesforce.com/is entered
20231028 11:17:39 INFO  [main] script.SalesForceScript SalesForceScript.java43 - ******Login to Sales Force App started***********
20231028 11:17:43 INFO  [main] script.BaseTest BaseTest.java66 - ******login_to_firebase automation script ended***********
20231028 11:19:10 INFO  [main] script.BaseTest BaseTest.java82 - chrome browser launched
20231028 11:19:11 INFO  [main] script.BaseTest BaseTest.java94 - https://login.salesforce.com/is entered
20231028 11:19:11 INFO  [main] script.SalesForceScript SalesForceScript.java43 - ******Login to Sales Force App started***********
20231028 11:19:19 INFO  [main] script.BaseTest BaseTest.java66 - ******login_to_firebase automation script ended***********
20231028 11:23:25 INFO  [main] script.BaseTest BaseTest.java82 - chrome browser launched
20231028 11:23:26 INFO  [main] script.BaseTest BaseTest.java94 - https://login.salesforce.com/is entered
20231028 11:23:26 INFO  [main] script.SalesForceScript SalesForceScript.java43 - ******Login to Sales Force App started***********
20231028 11:23:29 INFO  [main] script.BaseTest BaseTest.java66 - ******login_to_firebase automation script ended***********
20231028 11:36:53 INFO  [main] script.BaseTest BaseTest.java82 - chrome browser launched
20231028 11:36:54 INFO  [main] script.BaseTest BaseTest.java94 - https://login.salesforce.com/is entered
20231028 11:36:54 INFO  [main] script.SalesForceScript SalesForceScript.java43 - ******Login to Sales Force App started***********
20231028 11:36:56 INFO  [main] script.BaseTest BaseTest.java66 - ******login_to_firebase automation script ended***********
20231028 11:53:54 INFO  [main] script.BaseTest BaseTest.java82 - chrome browser launched
20231028 11:53:55 INFO  [main] script.BaseTest BaseTest.java94 - https://login.salesforce.com/is entered
20231028 11:53:55 INFO  [main] script.SalesForceScript SalesForceScript.java64 - ******Login to Sales Force App started***********
20231028 11:54:06 INFO  [main] script.BaseTest BaseTest.java66 - ******login_to_firebase automation script ended***********
20231028 12:08:32 INFO  [main] script.BaseTest BaseTest.java82 - chrome browser launched
20231028 12:08:33 INFO  [main] script.BaseTest BaseTest.java94 - https://login.salesforce.com/is entered
20231028 12:08:33 INFO  [main] script.SalesForceScript SalesForceScript.java64 - ******Login to Sales Force App started***********
20231028 12:08:58 INFO  [main] script.BaseTest BaseTest.java66 - ******login_to_firebase automation script ended***********
20231028 12:17:46 INFO  [main] script.BaseTest BaseTest.java82 - chrome browser launched
20231028 12:17:46 INFO  [main] script.BaseTest BaseTest.java94 - https://login.salesforce.com/is entered
20231028 12:17:46 INFO  [main] script.SalesForceScript SalesForceScript.java64 - ******Login to Sales Force App started***********
20231028 12:18:12 INFO  [main] script.BaseTest BaseTest.java66 - ******login_to_firebase automation script ended***********
20231028 12:34:45 INFO  [main] script.BaseTest BaseTest.java82 - chrome browser launched
20231028 12:34:46 INFO  [main] script.BaseTest BaseTest.java94 - https://login.salesforce.com/is entered
20231028 12:34:46 INFO  [main] script.SalesForceScript SalesForceScript.java89 - ******Login to Sales Force App started***********
20231028 12:35:06 INFO  [main] script.BaseTest BaseTest.java66 - ******login_to_firebase automation script ended***********
20231028 12:36:59 INFO  [main] script.BaseTest BaseTest.java82 - chrome browser launched
20231028 12:36:59 INFO  [main] script.BaseTest BaseTest.java94 - https://login.salesforce.com/is entered
20231028 12:36:59 INFO  [main] script.SalesForceScript SalesForceScript.java89 - ******Login to Sales Force App started***********
20231028 12:37:20 INFO  [main] script.BaseTest BaseTest.java66 - ******login_to_firebase automation script ended***********
20231028 12:38:08 INFO  [main] script.BaseTest BaseTest.java82 - chrome browser launched
20231028 12:38:09 INFO  [main] script.BaseTest BaseTest.java94 - https://login.salesforce.com/is entered
20231028 12:38:09 INFO  [main] script.SalesForceScript SalesForceScript.java89 - ******Login to Sales Force App started***********
20231028 12:38:10 INFO  [main] script.BaseTest BaseTest.java66 - ******login_to_firebase automation script ended***********
20231028 12:39:30 INFO  [main] script.BaseTest BaseTest.java82 - chrome browser launched
20231028 12:39:30 INFO  [main] script.BaseTest BaseTest.java94 - https://login.salesforce.com/is entered
20231028 12:39:30 INFO  [main] script.SalesForceScript SalesForceScript.java89 - ******Login to Sales Force App started***********
20231028 12:39:31 INFO  [main] script.BaseTest BaseTest.java66 - ******login_to_firebase automation script ended***********
20231028 12:44:08 INFO  [main] script.BaseTest BaseTest.java82 - chrome browser launched
20231028 12:44:09 INFO  [main] script.BaseTest BaseTest.java94 - https://login.salesforce.com/is entered
20231028 12:44:09 INFO  [main] script.SalesForceScript SalesForceScript.java89 - ******Login to Sales Force App started***********
20231028 12:44:09 INFO  [main] script.BaseTest BaseTest.java66 - ******login_to_firebase automation script ended***********
20231028 12:50:02 INFO  [main] script.BaseTest BaseTest.java82 - chrome browser launched
20231028 12:50:03 INFO  [main] script.BaseTest BaseTest.java94 - https://login.salesforce.com/is entered
20231028 12:50:03 INFO  [main] script.SalesForceScript SalesForceScript.java89 - ******Login to Sales Force App started***********
20231028 12:50:04 INFO  [main] script.BaseTest BaseTest.java66 - ******login_to_firebase automation script ended***********
20231028 13:08:11 INFO  [main] script.BaseTest BaseTest.java82 - chrome browser launched
20231028 13:08:12 INFO  [main] script.BaseTest BaseTest.java94 - https://login.salesforce.com/is entered
20231028 13:08:12 INFO  [main] script.SalesForceScript SalesForceScript.java109 - ******Login to Sales Force App started***********
20231028 13:08:13 INFO  [main] script.BaseTest BaseTest.java66 - ******login_to_firebase automation script ended***********
20231028 13:09:00 INFO  [main] script.BaseTest BaseTest.java82 - chrome browser launched
20231028 13:09:01 INFO  [main] script.BaseTest BaseTest.java94 - https://login.salesforce.com/is entered
20231028 13:09:01 INFO  [main] script.SalesForceScript SalesForceScript.java109 - ******Login to Sales Force App started***********
20231028 13:09:02 INFO  [main] script.BaseTest BaseTest.java66 - ******login_to_firebase automation script ended***********
20231028 13:10:46 INFO  [main] script.BaseTest BaseTest.java82 - chrome browser launched
20231028 13:10:47 INFO  [main] script.BaseTest BaseTest.java94 - https://login.salesforce.com/is entered
20231028 13:10:47 INFO  [main] script.SalesForceScript SalesForceScript.java109 - ******Login to Sales Force App started***********
20231028 13:10:48 INFO  [main] script.BaseTest BaseTest.java66 - ******login_to_firebase automation script ended***********
20231028 13:36:19 INFO  [main] script.BaseTest BaseTest.java82 - chrome browser launched
20231028 13:36:19 INFO  [main] script.BaseTest BaseTest.java94 - https://login.salesforce.com/is entered
20231028 13:36:19 INFO  [main] script.SalesForceUserMenuScript SalesForceUserMenuScript.java19 - ******Login to Sales Force App started***********
20231028 13:36:24 INFO  [main] script.BaseTest BaseTest.java66 - ******login_to_firebase automation script ended***********
20231028 13:44:04 INFO  [main] script.BaseTest BaseTest.java82 - chrome browser launched
20231028 13:44:05 INFO  [main] script.BaseTest BaseTest.java94 - https://login.salesforce.com/is entered
20231028 13:44:05 INFO  [main] script.SalesForceUserMenuScript SalesForceUserMenuScript.java19 - ******Login to Sales Force App started***********
20231028 13:44:09 INFO  [main] script.BaseTest BaseTest.java66 - ******login_to_firebase automation script ended***********
20231028 13:44:59 INFO  [main] script.BaseTest BaseTest.java82 - chrome browser launched
20231028 13:45:00 INFO  [main] script.BaseTest BaseTest.java94 - https://login.salesforce.com/is entered
20231028 13:45:00 INFO  [main] script.SalesForceUserMenuScript SalesForceUserMenuScript.java19 - ******Login to Sales Force App started***********
20231028 13:45:03 INFO  [main] script.BaseTest BaseTest.java66 - ******login_to_firebase automation script ended***********
20231028 13:49:00 INFO  [main] script.BaseTest BaseTest.java82 - chrome browser launched
20231028 13:49:00 INFO  [main] script.BaseTest BaseTest.java94 - https://login.salesforce.com/is entered
20231028 13:49:00 INFO  [main] script.SalesForceUserMenuScript SalesForceUserMenuScript.java19 - ******Login to Sales Force App started***********
20231028 13:49:03 INFO  [main] script.BaseTest BaseTest.java66 - ******login_to_firebase automation script ended***********
20231028 13:51:01 INFO  [main] script.BaseTest BaseTest.java82 - chrome browser launched
20231028 13:51:02 INFO  [main] script.BaseTest BaseTest.java94 - https://login.salesforce.com/is entered
20231028 13:51:02 INFO  [main] script.SalesForceUserMenuScript SalesForceUserMenuScript.java19 - ******Login to Sales Force App started***********
20231028 13:51:07 INFO  [main] script.BaseTest BaseTest.java66 - ******login_to_firebase automation script ended***********
20231028 13:52:50 INFO  [main] script.BaseTest BaseTest.java82 - chrome browser launched
20231028 13:52:51 INFO  [main] script.BaseTest BaseTest.java94 - https://login.salesforce.com/is entered
20231028 13:52:51 INFO  [main] script.SalesForceUserMenuScript SalesForceUserMenuScript.java19 - ******Login to Sales Force App started***********
20231028 13:52:55 INFO  [main] script.BaseTest BaseTest.java66 - ******login_to_firebase automation script ended***********
20231028 13:54:02 INFO  [main] script.BaseTest BaseTest.java82 - chrome browser launched
20231028 13:54:03 INFO  [main] script.BaseTest BaseTest.java94 - https://login.salesforce.com/is entered
20231028 13:54:03 INFO  [main] script.SalesForceUserMenuScript SalesForceUserMenuScript.java19 - ******Login to Sales Force App started***********
20231028 13:54:10 INFO  [main] script.BaseTest BaseTest.java66 - ******login_to_firebase automation script ended***********
20231028 13:55:11 INFO  [main] script.BaseTest BaseTest.java82 - chrome browser launched
20231028 13:55:11 INFO  [main] script.BaseTest BaseTest.java94 - https://login.salesforce.com/is entered
20231028 13:55:11 INFO  [main] script.SalesForceUserMenuScript SalesForceUserMenuScript.java19 - ******Login to Sales Force App started***********
20231028 13:55:16 INFO  [main] script.BaseTest BaseTest.java66 - ******login_to_firebase automation script ended***********
20231028 13:57:48 INFO  [main] script.BaseTest BaseTest.java82 - chrome browser launched
20231028 13:57:49 INFO  [main] script.BaseTest BaseTest.java94 - https://login.salesforce.com/is entered
20231028 13:57:49 INFO  [main] script.SalesForceUserMenuScript SalesForceUserMenuScript.java19 - ******Login to Sales Force App started***********
20231028 13:57:53 INFO  [main] script.BaseTest BaseTest.java66 - ******login_to_firebase automation script ended***********
20231028 15:14:01 INFO  [main] script.BaseTest BaseTest.java82 - chrome browser launched
20231028 15:14:02 INFO  [main] script.BaseTest BaseTest.java94 - https://login.salesforce.com/is entered
20231028 15:14:26 INFO  [main] script.BaseTest BaseTest.java66 - ******login_to_firebase automation script ended***********
20231028 15:15:13 INFO  [main] script.BaseTest BaseTest.java82 - chrome browser launched
20231028 15:15:13 INFO  [main] script.BaseTest BaseTest.java94 - https://login.salesforce.com/is entered
20231028 15:15:38 INFO  [main] script.BaseTest BaseTest.java66 - ******login_to_firebase automation script ended***********
20231028 15:25:12 INFO  [main] script.BaseTest BaseTest.java82 - chrome browser launched
20231028 15:25:13 INFO  [main] script.BaseTest BaseTest.java94 - https://login.salesforce.com/is entered
20231028 15:25:37 INFO  [main] script.BaseTest BaseTest.java66 - ******login_to_firebase automation script ended***********
20231028 15:29:37 INFO  [main] script.BaseTest BaseTest.java82 - chrome browser launched
20231028 15:29:38 INFO  [main] script.BaseTest BaseTest.java94 - https://login.salesforce.com/is entered
20231028 15:30:02 INFO  [main] script.BaseTest BaseTest.java66 - ******login_to_firebase automation script ended***********
20231028 15:30:53 INFO  [main] script.BaseTest BaseTest.java82 - chrome browser launched
20231028 15:30:54 INFO  [main] script.BaseTest BaseTest.java94 - https://login.salesforce.com/is entered
20231028 15:31:18 INFO  [main] script.BaseTest BaseTest.java66 - ******login_to_firebase automation script ended***********
20231028 15:32:10 INFO  [main] script.BaseTest BaseTest.java82 - chrome browser launched
20231028 15:32:10 INFO  [main] script.BaseTest BaseTest.java94 - https://login.salesforce.com/is entered
20231028 15:32:34 INFO  [main] script.BaseTest BaseTest.java66 - ******login_to_firebase automation script ended***********
20231028 15:34:21 INFO  [main] script.BaseTest BaseTest.java82 - chrome browser launched
20231028 15:34:21 INFO  [main] script.BaseTest BaseTest.java94 - https://login.salesforce.com/is entered
20231028 15:34:35 INFO  [main] script.BaseTest BaseTest.java66 - ******login_to_firebase automation script ended***********
20231028 15:35:09 INFO  [main] script.BaseTest BaseTest.java82 - chrome browser launched
20231028 15:35:09 INFO  [main] script.BaseTest BaseTest.java94 - https://login.salesforce.com/is entered
20231028 15:35:13 INFO  [main] script.BaseTest BaseTest.java66 - ******login_to_firebase automation script ended***********
20231028 15:36:02 INFO  [main] script.BaseTest BaseTest.java82 - chrome browser launched
20231028 15:36:02 INFO  [main] script.BaseTest BaseTest.java94 - https://login.salesforce.com/is entered
20231028 15:36:07 INFO  [main] script.BaseTest BaseTest.java66 - ******login_to_firebase automation script ended***********
20231028 15:36:31 INFO  [main] script.BaseTest BaseTest.java82 - chrome browser launched
20231028 15:36:32 INFO  [main] script.BaseTest BaseTest.java94 - https://login.salesforce.com/is entered
20231028 15:36:56 INFO  [main] script.BaseTest BaseTest.java66 - ******login_to_firebase automation script ended***********
20231028 15:37:41 INFO  [main] script.BaseTest BaseTest.java82 - chrome browser launched
20231028 15:37:42 INFO  [main] script.BaseTest BaseTest.java94 - https://login.salesforce.com/is entered
20231028 15:38:08 INFO  [main] script.BaseTest BaseTest.java66 - ******login_to_firebase automation script ended***********
20231028 15:39:42 INFO  [main] script.BaseTest BaseTest.java82 - chrome browser launched
20231028 15:39:43 INFO  [main] script.BaseTest BaseTest.java94 - https://login.salesforce.com/is entered
20231028 15:40:09 INFO  [main] script.BaseTest BaseTest.java66 - ******login_to_firebase automation script ended***********
20231028 15:41:00 INFO  [main] script.BaseTest BaseTest.java82 - chrome browser launched
20231028 15:41:01 INFO  [main] script.BaseTest BaseTest.java94 - https://login.salesforce.com/is entered
20231028 15:41:25 INFO  [main] script.BaseTest BaseTest.java66 - ******login_to_firebase automation script ended***********
20231028 15:43:10 INFO  [main] script.BaseTest BaseTest.java82 - chrome browser launched
20231028 15:43:11 INFO  [main] script.BaseTest BaseTest.java94 - https://login.salesforce.com/is entered
20231028 15:43:39 INFO  [main] script.BaseTest BaseTest.java66 - ******login_to_firebase automation script ended***********
20231028 15:44:48 INFO  [main] script.BaseTest BaseTest.java82 - chrome browser launched
20231028 15:44:49 INFO  [main] script.BaseTest BaseTest.java94 - https://login.salesforce.com/is entered
20231028 15:45:13 INFO  [main] script.BaseTest BaseTest.java66 - ******login_to_firebase automation script ended***********
20231028 15:46:15 INFO  [main] script.BaseTest BaseTest.java82 - chrome browser launched
20231028 15:46:16 INFO  [main] script.BaseTest BaseTest.java94 - https://login.salesforce.com/is entered
20231028 15:46:40 INFO  [main] script.BaseTest BaseTest.java66 - ******login_to_firebase automation script ended***********
20231028 15:46:57 INFO  [main] script.BaseTest BaseTest.java82 - chrome browser launched
20231028 15:46:57 INFO  [main] script.BaseTest BaseTest.java94 - https://login.salesforce.com/is entered
20231028 15:47:21 INFO  [main] script.BaseTest BaseTest.java66 - ******login_to_firebase automation script ended***********
20231029 12:52:59 INFO  [main] script.BaseTest BaseTest.java82 - chrome browser launched
20231029 12:53:00 INFO  [main] script.BaseTest BaseTest.java94 - https://login.salesforce.com/is entered
20231029 12:53:25 INFO  [main] script.BaseTest BaseTest.java66 - ******login_to_firebase automation script ended***********
20231029 12:54:18 INFO  [main] script.BaseTest BaseTest.java82 - chrome browser launched
20231029 12:54:19 INFO  [main] script.BaseTest BaseTest.java94 - https://login.salesforce.com/is entered
20231029 12:54:23 INFO  [main] script.BaseTest BaseTest.java66 - ******login_to_firebase automation script ended***********
20231029 13:00:00 INFO  [main] script.BaseTest BaseTest.java82 - chrome browser launched
20231029 13:00:01 INFO  [main] script.BaseTest BaseTest.java94 - https://login.salesforce.com/is entered
20231029 13:00:05 INFO  [main] script.BaseTest BaseTest.java66 - ******login_to_firebase automation script ended***********
20231029 13:01:13 INFO  [main] script.BaseTest BaseTest.java82 - chrome browser launched
20231029 13:01:14 INFO  [main] script.BaseTest BaseTest.java94 - https://login.salesforce.com/is entered
20231029 13:01:19 INFO  [main] script.BaseTest BaseTest.java66 - ******login_to_firebase automation script ended***********
20231029 13:04:48 INFO  [main] script.BaseTest BaseTest.java82 - chrome browser launched
20231029 13:04:49 INFO  [main] script.BaseTest BaseTest.java94 - https://login.salesforce.com/is entered
20231029 13:04:59 INFO  [main] script.BaseTest BaseTest.java66 - ******login_to_firebase automation script ended***********
20231029 13:05:45 INFO  [main] script.BaseTest BaseTest.java82 - chrome browser launched
20231029 13:05:45 INFO  [main] script.BaseTest BaseTest.java94 - https://login.salesforce.com/is entered
20231029 13:05:50 INFO  [main] script.BaseTest BaseTest.java66 - ******login_to_firebase automation script ended***********
20231029 14:42:57 INFO  [main] script.BaseTest BaseTest.java82 - chrome browser launched
20231029 14:42:58 INFO  [main] script.BaseTest BaseTest.java94 - https://login.salesforce.com/is entered
20231029 14:43:02 INFO  [main] script.BaseTest BaseTest.java66 - ******login_to_firebase automation script ended***********
20231029 14:45:57 INFO  [main] script.BaseTest BaseTest.java82 - chrome browser launched
20231029 14:45:58 INFO  [main] script.BaseTest BaseTest.java94 - https://login.salesforce.com/is entered
20231029 14:46:03 INFO  [main] script.BaseTest BaseTest.java66 - ******login_to_firebase automation script ended***********
20231029 14:46:40 INFO  [main] script.BaseTest BaseTest.java82 - chrome browser launched
20231029 14:46:40 INFO  [main] script.BaseTest BaseTest.java94 - https://login.salesforce.com/is entered
20231029 14:46:45 INFO  [main] script.BaseTest BaseTest.java66 - ******login_to_firebase automation script ended***********
20231029 14:47:28 INFO  [main] script.BaseTest BaseTest.java82 - chrome browser launched
20231029 14:47:29 INFO  [main] script.BaseTest BaseTest.java94 - https://login.salesforce.com/is entered
20231029 14:47:33 INFO  [main] script.BaseTest BaseTest.java66 - ******login_to_firebase automation script ended***********
20231029 14:49:39 INFO  [main] script.BaseTest BaseTest.java82 - chrome browser launched
20231029 14:49:39 INFO  [main] script.BaseTest BaseTest.java94 - https://login.salesforce.com/is entered
20231029 14:49:44 INFO  [main] script.BaseTest BaseTest.java66 - ******login_to_firebase automation script ended***********
20231029 14:51:03 INFO  [main] script.BaseTest BaseTest.java82 - chrome browser launched
20231029 14:51:04 INFO  [main] script.BaseTest BaseTest.java94 - https://login.salesforce.com/is entered
20231029 14:51:08 INFO  [main] script.BaseTest BaseTest.java66 - ******login_to_firebase automation script ended***********
20231029 14:55:30 INFO  [main] script.BaseTest BaseTest.java82 - chrome browser launched
20231029 14:55:31 INFO  [main] script.BaseTest BaseTest.java94 - https://login.salesforce.com/is entered
20231029 14:55:35 INFO  [main] script.BaseTest BaseTest.java66 - ******login_to_firebase automation script ended***********
20231029 14:57:09 INFO  [main] script.BaseTest BaseTest.java82 - chrome browser launched
20231029 14:57:10 INFO  [main] script.BaseTest BaseTest.java94 - https://login.salesforce.com/is entered
20231029 14:57:15 INFO  [main] script.BaseTest BaseTest.java66 - ******login_to_firebase automation script ended***********
20231029 15:01:55 INFO  [main] script.BaseTest BaseTest.java82 - chrome browser launched
20231029 15:01:56 INFO  [main] script.BaseTest BaseTest.java94 - https://login.salesforce.com/is entered
20231029 15:02:01 INFO  [main] script.BaseTest BaseTest.java66 - ******login_to_firebase automation script ended***********
20231029 15:02:50 INFO  [main] script.BaseTest BaseTest.java82 - chrome browser launched
20231029 15:02:51 INFO  [main] script.BaseTest BaseTest.java94 - https://login.salesforce.com/is entered
20231029 15:02:55 INFO  [main] script.BaseTest BaseTest.java66 - ******login_to_firebase automation script ended***********
20231029 15:04:15 INFO  [main] script.BaseTest BaseTest.java82 - chrome browser launched
20231029 15:04:16 INFO  [main] script.BaseTest BaseTest.java94 - https://login.salesforce.com/is entered
20231029 15:04:22 INFO  [main] script.BaseTest BaseTest.java66 - ******login_to_firebase automation script ended***********
20231029 15:05:38 INFO  [main] script.BaseTest BaseTest.java82 - chrome browser launched
20231029 15:05:38 INFO  [main] script.BaseTest BaseTest.java94 - https://login.salesforce.com/is entered
20231029 15:05:42 INFO  [main] script.BaseTest BaseTest.java66 - ******login_to_firebase automation script ended***********
20231029 15:06:30 INFO  [main] script.BaseTest BaseTest.java82 - chrome browser launched
20231029 15:06:30 INFO  [main] script.BaseTest BaseTest.java94 - https://login.salesforce.com/is entered
20231029 15:06:35 INFO  [main] script.BaseTest BaseTest.java66 - ******login_to_firebase automation script ended***********
20231029 15:18:32 INFO  [main] script.BaseTest BaseTest.java82 - chrome browser launched
20231029 15:18:32 INFO  [main] script.BaseTest BaseTest.java94 - https://login.salesforce.com/is entered
20231029 15:18:37 INFO  [main] script.BaseTest BaseTest.java66 - ******login_to_firebase automation script ended***********
20231029 15:21:04 INFO  [main] script.BaseTest BaseTest.java82 - chrome browser launched
20231029 15:21:04 INFO  [main] script.BaseTest BaseTest.java94 - https://login.salesforce.com/is entered
20231029 15:21:09 INFO  [main] script.BaseTest BaseTest.java66 - ******login_to_firebase automation script ended***********
20231029 15:21:45 INFO  [main] script.BaseTest BaseTest.java82 - chrome browser launched
20231029 15:21:46 INFO  [main] script.BaseTest BaseTest.java94 - https://login.salesforce.com/is entered
20231029 15:21:52 INFO  [main] script.BaseTest BaseTest.java66 - ******login_to_firebase automation script ended***********
20231029 15:35:06 INFO  [main] script.BaseTest BaseTest.java82 - chrome browser launched
20231029 15:35:07 INFO  [main] script.BaseTest BaseTest.java94 - https://login.salesforce.com/is entered
20231029 15:35:11 INFO  [main] script.BaseTest BaseTest.java66 - ******login_to_firebase automation script ended***********
20231029 15:35:58 INFO  [main] script.BaseTest BaseTest.java82 - chrome browser launched
20231029 15:35:59 INFO  [main] script.BaseTest BaseTest.java94 - https://login.salesforce.com/is entered
20231029 15:36:23 INFO  [main] script.BaseTest BaseTest.java66 - ******login_to_firebase automation script ended***********
20231029 15:37:40 INFO  [main] script.BaseTest BaseTest.java82 - chrome browser launched
20231029 15:37:41 INFO  [main] script.BaseTest BaseTest.java94 - https://login.salesforce.com/is entered
20231029 15:37:47 INFO  [main] script.BaseTest BaseTest.java66 - ******login_to_firebase automation script ended***********
20231029 15:39:53 INFO  [main] script.BaseTest BaseTest.java82 - chrome browser launched
20231029 15:39:54 INFO  [main] script.BaseTest BaseTest.java94 - https://login.salesforce.com/is entered
20231029 15:39:58 INFO  [main] script.BaseTest BaseTest.java66 - ******login_to_firebase automation script ended***********
20231029 15:40:48 INFO  [main] script.BaseTest BaseTest.java82 - chrome browser launched
20231029 15:40:49 INFO  [main] script.BaseTest BaseTest.java94 - https://login.salesforce.com/is entered
20231029 15:40:53 INFO  [main] script.BaseTest BaseTest.java66 - ******login_to_firebase automation script ended***********
20231029 15:41:15 INFO  [main] script.BaseTest BaseTest.java82 - chrome browser launched
20231029 15:41:15 INFO  [main] script.BaseTest BaseTest.java94 - https://login.salesforce.com/is entered
20231029 15:41:20 INFO  [main] script.BaseTest BaseTest.java66 - ******login_to_firebase automation script ended***********
20231029 15:55:17 INFO  [main] script.BaseTest BaseTest.java82 - chrome browser launched
20231029 15:55:18 INFO  [main] script.BaseTest BaseTest.java94 - https://login.salesforce.com/is entered
20231029 15:55:23 INFO  [main] script.BaseTest BaseTest.java66 - ******login_to_firebase automation script ended***********
20231029 15:55:46 INFO  [main] script.BaseTest BaseTest.java82 - chrome browser launched
20231029 15:55:47 INFO  [main] script.BaseTest BaseTest.java94 - https://login.salesforce.com/is entered
20231029 15:55:52 INFO  [main] script.BaseTest BaseTest.java66 - ******login_to_firebase automation script ended***********
20231029 16:28:09 INFO  [main] script.BaseTest BaseTest.java82 - chrome browser launched
20231029 16:28:10 INFO  [main] script.BaseTest BaseTest.java94 - https://login.salesforce.com/is entered
20231029 16:28:35 INFO  [main] script.BaseTest BaseTest.java66 - ******login_to_firebase automation script ended***********
20231029 16:30:38 INFO  [main] script.BaseTest BaseTest.java82 - chrome browser launched
20231029 16:30:39 INFO  [main] script.BaseTest BaseTest.java94 - https://login.salesforce.com/is entered
20231029 16:31:04 INFO  [main] script.BaseTest BaseTest.java66 - ******login_to_firebase automation script ended***********
20231029 16:36:46 INFO  [main] script.BaseTest BaseTest.java82 - chrome browser launched
20231029 16:36:46 INFO  [main] script.BaseTest BaseTest.java94 - https://login.salesforce.com/is entered
20231029 16:36:53 INFO  [main] script.BaseTest BaseTest.java66 - ******login_to_firebase automation script ended***********
20231029 16:37:27 INFO  [main] script.BaseTest BaseTest.java82 - chrome browser launched
20231029 16:37:27 INFO  [main] script.BaseTest BaseTest.java94 - https://login.salesforce.com/is entered
20231029 16:37:34 INFO  [main] script.BaseTest BaseTest.java66 - ******login_to_firebase automation script ended***********
20231030 10:54:46 INFO  [main] script.BaseTest BaseTest.java82 - chrome browser launched
20231030 10:54:46 INFO  [main] script.BaseTest BaseTest.java94 - https://login.salesforce.com/is entered
20231030 10:54:53 INFO  [main] script.BaseTest BaseTest.java66 - ******login_to_firebase automation script ended***********
20231030 11:02:49 INFO  [main] script.BaseTest BaseTest.java82 - chrome browser launched
20231030 11:02:50 INFO  [main] script.BaseTest BaseTest.java94 - https://login.salesforce.com/is entered
20231030 11:03:11 INFO  [main] script.BaseTest BaseTest.java66 - ******login_to_firebase automation script ended***********
20231030 11:15:17 INFO  [main] script.BaseTest BaseTest.java82 - chrome browser launched
20231030 11:15:18 INFO  [main] script.BaseTest BaseTest.java94 - https://login.salesforce.com/is entered
20231030 11:15:25 INFO  [main] script.BaseTest BaseTest.java66 - ******login_to_firebase automation script ended***********
20231030 15:38:01 INFO  [main] script.BaseTest BaseTest.java82 - chrome browser launched
20231030 15:38:02 INFO  [main] script.BaseTest BaseTest.java94 - https://login.salesforce.com/is entered
20231030 15:38:10 INFO  [main] script.BaseTest BaseTest.java66 - ******login_to_firebase automation script ended***********
20231030 15:39:26 INFO  [main] script.BaseTest BaseTest.java82 - chrome browser launched
20231030 15:39:26 INFO  [main] script.BaseTest BaseTest.java94 - https://login.salesforce.com/is entered
20231030 15:39:39 INFO  [main] script.BaseTest BaseTest.java66 - ******login_to_firebase automation script ended***********
20231030 15:42:07 INFO  [main] script.BaseTest BaseTest.java82 - chrome browser launched
20231030 15:42:07 INFO  [main] script.BaseTest BaseTest.java94 - https://login.salesforce.com/is entered
20231030 15:42:17 INFO  [main] script.BaseTest BaseTest.java66 - ******login_to_firebase automation script ended***********
20231030 15:45:49 INFO  [main] script.BaseTest BaseTest.java82 - chrome browser launched
20231030 15:45:50 INFO  [main] script.BaseTest BaseTest.java94 - https://login.salesforce.com/is entered
20231030 15:46:01 INFO  [main] script.BaseTest BaseTest.java66 - ******login_to_firebase automation script ended***********
20231030 15:56:34 INFO  [main] script.BaseTest BaseTest.java82 - chrome browser launched
20231030 15:56:35 INFO  [main] script.BaseTest BaseTest.java94 - https://login.salesforce.com/is entered
20231030 15:56:45 INFO  [main] script.BaseTest BaseTest.java66 - ******login_to_firebase automation script ended***********
20231030 15:58:19 INFO  [main] script.BaseTest BaseTest.java82 - chrome browser launched
20231030 15:58:19 INFO  [main] script.BaseTest BaseTest.java94 - https://login.salesforce.com/is entered
20231030 15:58:29 INFO  [main] script.BaseTest BaseTest.java66 - ******login_to_firebase automation script ended***********
20231030 15:59:24 INFO  [main] script.BaseTest BaseTest.java82 - chrome browser launched
20231030 15:59:24 INFO  [main] script.BaseTest BaseTest.java94 - https://login.salesforce.com/is entered
20231030 15:59:34 INFO  [main] script.BaseTest BaseTest.java66 - ******login_to_firebase automation script ended***********
20231030 16:05:51 INFO  [main] script.BaseTest BaseTest.java82 - chrome browser launched
20231030 16:05:51 INFO  [main] script.BaseTest BaseTest.java94 - https://login.salesforce.com/is entered
20231030 16:06:03 INFO  [main] script.BaseTest BaseTest.java66 - ******login_to_firebase automation script ended***********
